<?xml version="1.0" encoding="UTF-8"?>
<!-- Generated by org.testng.reporters.JUnitReportReporter -->
<testsuite skipped="0" hostname="PL2INPUN0537NB" name="com.rockpaperscissors.model.player.ComputerPlayerTest" tests="1" failures="0" timestamp="07 Feb 2021 10:37:34 GMT" time="0.170" errors="0">
  <testcase name="testCompeteWithOpponentWhoPlaysNullThrowsException" time="0.170" classname="com.rockpaperscissors.model.player.ComputerPlayerTest"/>
</testsuite> <!-- com.rockpaperscissors.model.player.ComputerPlayerTest -->
