<?xml version="1.0" encoding="UTF-8"?>
<!-- Generated by org.testng.reporters.JUnitReportReporter -->
<testsuite skipped="0" hostname="PL2INPUN0537NB" name="com.rockpaperscissors.model.player.HumanPlayerTest" tests="12" failures="0" timestamp="07 Feb 2021 09:48:24 GMT" time="0.157" errors="0">
  <testcase name="testUpdateScoreWithTiedWhenPaperAgainstPaper" time="0.000" classname="com.rockpaperscissors.model.player.HumanPlayerTest"/>
  <testcase name="testReadableScore" time="0.000" classname="com.rockpaperscissors.model.player.HumanPlayerTest"/>
  <testcase name="testUpdateScoreWithLostWhenScissorsAgainstRock" time="0.000" classname="com.rockpaperscissors.model.player.HumanPlayerTest"/>
  <testcase name="testUpdateScoreWithWonWhenPaperAgainstRock" time="0.000" classname="com.rockpaperscissors.model.player.HumanPlayerTest"/>
  <testcase name="testUpdateScoreWithWonWhenRockAgainstScissors" time="0.000" classname="com.rockpaperscissors.model.player.HumanPlayerTest"/>
  <testcase name="testUpdateScoreWithTiedWhenRockAgainstRock" time="0.000" classname="com.rockpaperscissors.model.player.HumanPlayerTest"/>
  <testcase name="testCompeteBeforeSettingPlayersMoveThrowsException" time="0.000" classname="com.rockpaperscissors.model.player.HumanPlayerTest"/>
  <testcase name="testUpdateScoreWithTiedWhenScissorsAgainstScissors" time="0.000" classname="com.rockpaperscissors.model.player.HumanPlayerTest"/>
  <testcase name="testUpdateScoreWithLostWhenPaperAgainstScissors" time="0.000" classname="com.rockpaperscissors.model.player.HumanPlayerTest"/>
  <testcase name="testUpdateScoreWithWonWhenScissorsAgainstPaper" time="0.141" classname="com.rockpaperscissors.model.player.HumanPlayerTest"/>
  <testcase name="testCompeteWithOpponentWhoPlaysNullThrowsException" time="0.000" classname="com.rockpaperscissors.model.player.HumanPlayerTest"/>
  <testcase name="testUpdateScoreWithLostWhenRockAgainstPaper" time="0.016" classname="com.rockpaperscissors.model.player.HumanPlayerTest"/>
</testsuite> <!-- com.rockpaperscissors.model.player.HumanPlayerTest -->
